<?xml version="1.0" encoding="UTF-8"?>
<testsuite xmlns:xsi="http://www.w3.org/2001/XMLSchema-instance" xsi:noNamespaceSchemaLocation="https://maven.apache.org/surefire/maven-surefire-plugin/xsd/surefire-test-report-3.0.xsd" version="3.0" name="TestSuite" time="20.089" tests="3" errors="0" skipped="1" failures="1">
  <properties>
[...]
</properties>
  <testcase name="addUpdatePet[org.testng.TestRunner@558756be](1)" classname="com.pet.Pets" time="0">
    <skipped message="expected [201] but found [200]"/>
    <system-out><![CDATA[2022-09-02 20:07:02 INFO  TestListener:18 - Running onStart method Pet Store
2022-09-02 20:07:03 INFO  TestListener:32 - Running onTestStart method addUpdatePet start
2022-09-02 20:07:03 INFO  CommonUtil:18 - method: generateRandNumber
2022-09-02 20:07:03 INFO  CommonUtil:36 - Test: addPet 
2022-09-02 20:07:03 INFO  CommonUtil:114 - method: generateAddPetPayload
2022-09-02 20:07:05 INFO  ConfigPropertyReader:21 - method: readConfig
2022-09-02 20:07:05 INFO  ConfigPropertyReader:21 - method: readConfig
2022-09-02 20:07:05 INFO  ConfigPropertyReader:21 - method: readConfig
2022-09-02 20:07:08 INFO  CommonUtil:42 - Add pet status code: 200
2022-09-02 20:07:08 INFO  CommonUtil:43 - Add pet response: {"id":63306,"category":{"id":63306,"name":"category63306"},"name":"Dog63306","photoUrls":[],"tags":[{"id":63306,"name":"tag63306"}],"status":"available"}
2022-09-02 20:07:08 INFO  CommonUtil:114 - method: generateAddPetPayload
2022-09-02 20:07:09 INFO  CommonUtil:96 - Update pet status code: 200
2022-09-02 20:07:09 INFO  CommonUtil:97 - Update pet response: {"id":63306,"category":{"id":63306,"name":"category63306"},"name":"Doggo63306","photoUrls":[],"tags":[{"id":63306,"name":"tag63306"}],"status":"available"}
2022-09-02 20:07:09 INFO  CommonUtil:61 - Test: getPetInfo 
2022-09-02 20:07:11 INFO  CommonUtil:68 - Get pet status code: 200
2022-09-02 20:07:11 INFO  CommonUtil:69 - Get pet response body: {"id":63306,"category":{"id":63306,"name":"category63306"},"name":"Doggo63306","photoUrls":[],"tags":[{"id":63306,"name":"tag63306"}],"status":"available"}
2022-09-02 20:07:11 INFO  TestListener:48 - Running onTestSkipped method addUpdatePet skipped
]]></system-out>
    <system-err><![CDATA[SLF4J: Failed to load class "org.slf4j.impl.StaticLoggerBinder".
SLF4J: Defaulting to no-operation (NOP) logger implementation
SLF4J: See http://www.slf4j.org/codes.html#StaticLoggerBinder for further details.
Sep 02, 2022 8:07:02 PM com.pet.Pets beforeTestMethod
INFO: Before Testmethod: addUpdatePet
Sep 02, 2022 8:07:03 PM com.pet.Pets addUpdatePet
INFO: Test: addUpdatePet 
Sep 02, 2022 8:07:05 PM com.utils.RequestManager postRequest
INFO: POST Request with url: https://petstore3.swagger.io/api/v3/pet
Sep 02, 2022 8:07:08 PM com.utils.RequestManager putRequest
INFO: PUT Request with url: https://petstore3.swagger.io/api/v3/pet
Sep 02, 2022 8:07:09 PM com.utils.RequestManager getRequest
INFO: GET Request with url: https://petstore3.swagger.io/api/v3/pet/63306
]]></system-err>
  </testcase>
  <testcase name="addUpdatePet[org.testng.TestRunner@558756be](2)" classname="com.pet.Pets" time="3.484">
    <failure message="expected [201] but found [200]" type="java.lang.AssertionError"><![CDATA[java.lang.AssertionError: expected [201] but found [200]
	at org.testng.Assert.fail(Assert.java:110)
	at org.testng.Assert.failNotEquals(Assert.java:1413)
	at org.testng.Assert.assertEqualsImpl(Assert.java:149)
	at org.testng.Assert.assertEquals(Assert.java:131)
	at org.testng.Assert.assertEquals(Assert.java:1240)
	at org.testng.Assert.assertEquals(Assert.java:1274)
	at com.utils.BusinessFlows.getPetInfo(BusinessFlows.java:78)
	at com.pet.Pets.addUpdatePet(Pets.java:41)
	at java.base/jdk.internal.reflect.NativeMethodAccessorImpl.invoke0(Native Method)
	at java.base/jdk.internal.reflect.NativeMethodAccessorImpl.invoke(NativeMethodAccessorImpl.java:62)
	at java.base/jdk.internal.reflect.DelegatingMethodAccessorImpl.invoke(DelegatingMethodAccessorImpl.java:43)
	at java.base/java.lang.reflect.Method.invoke(Method.java:566)
	at org.testng.internal.invokers.MethodInvocationHelper.invokeMethod(MethodInvocationHelper.java:139)
	at org.testng.internal.invokers.TestInvoker.invokeMethod(TestInvoker.java:677)
	at org.testng.internal.invokers.TestInvoker.retryFailed(TestInvoker.java:263)
	at org.testng.internal.invokers.MethodRunner.runInSequence(MethodRunner.java:62)
	at org.testng.internal.invokers.TestInvoker$MethodInvocationAgent.invoke(TestInvoker.java:962)
	at org.testng.internal.invokers.TestInvoker.invokeTestMethods(TestInvoker.java:194)
	at org.testng.internal.invokers.TestMethodWorker.invokeTestMethods(TestMethodWorker.java:148)
	at org.testng.internal.invokers.TestMethodWorker.run(TestMethodWorker.java:128)
	at java.base/java.util.ArrayList.forEach(ArrayList.java:1541)
	at org.testng.TestRunner.privateRun(TestRunner.java:806)
	at org.testng.TestRunner.run(TestRunner.java:601)
	at org.testng.SuiteRunner.runTest(SuiteRunner.java:433)
	at org.testng.SuiteRunner.runSequentially(SuiteRunner.java:427)
	at org.testng.SuiteRunner.privateRun(SuiteRunner.java:387)
	at org.testng.SuiteRunner.run(SuiteRunner.java:330)
	at org.testng.SuiteRunnerWorker.runSuite(SuiteRunnerWorker.java:52)
	at org.testng.SuiteRunnerWorker.run(SuiteRunnerWorker.java:95)
	at org.testng.TestNG.runSuitesSequentially(TestNG.java:1256)
	at org.testng.TestNG.runSuitesLocally(TestNG.java:1176)
	at org.testng.TestNG.runSuites(TestNG.java:1099)
	at org.testng.TestNG.run(TestNG.java:1067)
	at org.apache.maven.surefire.testng.TestNGExecutor.run(TestNGExecutor.java:324)
	at org.apache.maven.surefire.testng.TestNGXmlTestSuite.execute(TestNGXmlTestSuite.java:74)
	at org.apache.maven.surefire.testng.TestNGProvider.invoke(TestNGProvider.java:123)
	at org.apache.maven.surefire.booter.ForkedBooter.runSuitesInProcess(ForkedBooter.java:456)
	at org.apache.maven.surefire.booter.ForkedBooter.execute(ForkedBooter.java:169)
	at org.apache.maven.surefire.booter.ForkedBooter.run(ForkedBooter.java:595)
	at org.apache.maven.surefire.booter.ForkedBooter.main(ForkedBooter.java:581)
]]></failure>
    <system-out><![CDATA[2022-09-02 20:07:11 INFO  TestListener:32 - Running onTestStart method addUpdatePet start
2022-09-02 20:07:11 INFO  CommonUtil:18 - method: generateRandNumber
2022-09-02 20:07:11 INFO  CommonUtil:36 - Test: addPet 
2022-09-02 20:07:11 INFO  CommonUtil:114 - method: generateAddPetPayload
2022-09-02 20:07:12 INFO  CommonUtil:42 - Add pet status code: 200
2022-09-02 20:07:12 INFO  CommonUtil:43 - Add pet response: {"id":52625,"category":{"id":52625,"name":"category52625"},"name":"Dog52625","photoUrls":[],"tags":[{"id":52625,"name":"tag52625"}],"status":"available"}
2022-09-02 20:07:12 INFO  CommonUtil:114 - method: generateAddPetPayload
2022-09-02 20:07:13 INFO  CommonUtil:96 - Update pet status code: 200
2022-09-02 20:07:13 INFO  CommonUtil:97 - Update pet response: {"id":52625,"category":{"id":52625,"name":"category52625"},"name":"Doggo52625","photoUrls":[],"tags":[{"id":52625,"name":"tag52625"}],"status":"available"}
2022-09-02 20:07:13 INFO  CommonUtil:61 - Test: getPetInfo 
2022-09-02 20:07:14 INFO  CommonUtil:68 - Get pet status code: 200
2022-09-02 20:07:14 INFO  CommonUtil:69 - Get pet response body: {"id":52625,"category":{"id":52625,"name":"category52625"},"name":"Doggo52625","photoUrls":[],"tags":[{"id":52625,"name":"tag52625"}],"status":"available"}
2022-09-02 20:07:14 INFO  TestListener:43 - Running onTestFailure method addUpdatePet failed
]]></system-out>
    <system-err><![CDATA[Sep 02, 2022 8:07:11 PM com.pet.Pets beforeTestMethod
INFO: Before Testmethod: addUpdatePet
Sep 02, 2022 8:07:11 PM com.pet.Pets addUpdatePet
INFO: Test: addUpdatePet 
Sep 02, 2022 8:07:11 PM com.utils.RequestManager postRequest
INFO: POST Request with url: https://petstore3.swagger.io/api/v3/pet
Sep 02, 2022 8:07:12 PM com.utils.RequestManager putRequest
INFO: PUT Request with url: https://petstore3.swagger.io/api/v3/pet
Sep 02, 2022 8:07:13 PM com.utils.RequestManager getRequest
INFO: GET Request with url: https://petstore3.swagger.io/api/v3/pet/52625
]]></system-err>
  </testcase>
  <testcase name="addDeletePurchaseOrder[org.testng.TestRunner@558756be](1)" classname="com.pet.Pets" time="4.734">
    <system-out><![CDATA[2022-09-02 20:07:14 INFO  TestListener:32 - Running onTestStart method addDeletePurchaseOrder start
2022-09-02 20:07:14 INFO  CommonUtil:18 - method: generateRandNumber
2022-09-02 20:07:17 INFO  CommonUtil:151 - Add purchase status code: 200
2022-09-02 20:07:17 INFO  CommonUtil:152 - Add purchase response: {"id":55298,"petId":55298,"quantity":2,"shipDate":"2022-08-31T17:22:30.013+00:00","status":"approved","complete":true}
2022-09-02 20:07:18 INFO  CommonUtil:166 - Find purchase status code: 200
2022-09-02 20:07:19 INFO  CommonUtil:184 - Delete purchase status code: 200
2022-09-02 20:07:19 INFO  TestListener:38 - Running onTestSuccess method addDeletePurchaseOrder succeed
]]></system-out>
    <system-err><![CDATA[Sep 02, 2022 8:07:14 PM com.pet.Pets beforeTestMethod
INFO: Before Testmethod: addDeletePurchaseOrder
Sep 02, 2022 8:07:14 PM com.pet.Pets addDeletePurchaseOrder
INFO: Test: addDeletePurchaseOrder 
Sep 02, 2022 8:07:15 PM com.utils.RequestManager postRequest
INFO: POST Request with url: https://petstore3.swagger.io/api/v3/store/order
Sep 02, 2022 8:07:17 PM com.utils.RequestManager getRequest
INFO: GET Request with url: https://petstore3.swagger.io/api/v3/store/order/55298
Sep 02, 2022 8:07:18 PM com.utils.RequestManager deletRequest
INFO: DELETE Request with url: https://petstore3.swagger.io/api/v3/store/order/55298
]]></system-err>
  </testcase>
</testsuite>