<?xml version="1.0" encoding="UTF-8"?>
<!-- Generated by org.testng.reporters.JUnitXMLReporter -->
<testsuite ignored="0" hostname="LAPTOP-UDSVE3FK" failures="1" tests="3" name="Pet Store" time="16.727" errors="0" timestamp="2022-09-02T18:04:35 IST">
  <testcase classname="com.pet.Pets" name="addUpdatePet" time="8.004">
    <skipped/>
  </testcase> <!-- addUpdatePet -->
  <testcase classname="com.pet.Pets" name="addUpdatePet" time="3.61">
    <failure type="java.lang.AssertionError" message="expected [201] but found [200]">
      <![CDATA[java.lang.AssertionError: expected [201] but found [200]
at com.utils.BusinessFlows.getPetInfo(BusinessFlows.java:77)
at com.pet.Pets.addUpdatePet(Pets.java:42)
at java.base/java.util.ArrayList.forEach(ArrayList.java:1541)
... Removed 37 stack frames]]>
    </failure>
  </testcase> <!-- addUpdatePet -->
  <testcase classname="com.pet.Pets" name="addDeletePurchaseOrder" time="4.628"/>
</testsuite> <!-- Pet Store -->
